  [1m[36m (0.9ms)[0m  [1mCREATE TABLE "authors" ("id" INTEGER PRIMARY KEY AUTOINCREMENT NOT NULL, "name" varchar, "genre" varchar, "bio" text, "created_at" datetime NOT NULL, "updated_at" datetime NOT NULL) [0m
  [1m[35m (0.6ms)[0m  CREATE TABLE "posts" ("id" INTEGER PRIMARY KEY AUTOINCREMENT NOT NULL, "title" varchar, "description" text, "created_at" datetime NOT NULL, "updated_at" datetime NOT NULL, "post_status" boolean, "author_id" integer) 
  [1m[36m (0.8ms)[0m  [1mCREATE TABLE "schema_migrations" ("version" varchar NOT NULL) [0m
  [1m[35m (0.4ms)[0m  select sqlite_version(*)
  [1m[36m (0.6ms)[0m  [1mCREATE UNIQUE INDEX "unique_schema_migrations" ON "schema_migrations" ("version")[0m
  [1m[35m (0.1ms)[0m  SELECT version FROM "schema_migrations"
  [1m[36m (0.5ms)[0m  [1mINSERT INTO "schema_migrations" (version) VALUES ('20160113011820')[0m
  [1m[35m (0.9ms)[0m  INSERT INTO "schema_migrations" (version) VALUES ('20151230232412')
  [1m[36m (0.6ms)[0m  [1mINSERT INTO "schema_migrations" (version) VALUES ('20160113011041')[0m
  [1m[35m (0.6ms)[0m  INSERT INTO "schema_migrations" (version) VALUES ('20160113011150')
  [1m[36m (0.7ms)[0m  [1mCREATE TABLE "authors" ("id" INTEGER PRIMARY KEY AUTOINCREMENT NOT NULL, "name" varchar, "genre" varchar, "bio" text, "created_at" datetime NOT NULL, "updated_at" datetime NOT NULL) [0m
  [1m[35m (0.6ms)[0m  CREATE TABLE "posts" ("id" INTEGER PRIMARY KEY AUTOINCREMENT NOT NULL, "title" varchar, "description" text, "created_at" datetime NOT NULL, "updated_at" datetime NOT NULL, "post_status" boolean, "author_id" integer) 
  [1m[36m (0.6ms)[0m  [1mCREATE TABLE "schema_migrations" ("version" varchar NOT NULL) [0m
  [1m[35m (0.0ms)[0m  select sqlite_version(*)
  [1m[36m (0.6ms)[0m  [1mCREATE UNIQUE INDEX "unique_schema_migrations" ON "schema_migrations" ("version")[0m
  [1m[35m (0.1ms)[0m  SELECT version FROM "schema_migrations"
  [1m[36m (0.6ms)[0m  [1mINSERT INTO "schema_migrations" (version) VALUES ('20160113011820')[0m
  [1m[35m (0.7ms)[0m  INSERT INTO "schema_migrations" (version) VALUES ('20151230232412')
  [1m[36m (0.6ms)[0m  [1mINSERT INTO "schema_migrations" (version) VALUES ('20160113011041')[0m
  [1m[35m (0.6ms)[0m  INSERT INTO "schema_migrations" (version) VALUES ('20160113011150')
  [1m[36mActiveRecord::SchemaMigration Load (0.1ms)[0m  [1mSELECT "schema_migrations".* FROM "schema_migrations"[0m
  [1m[36m (0.1ms)[0m  [1mbegin transaction[0m
  [1m[35m (0.1ms)[0m  rollback transaction
  [1m[36m (0.1ms)[0m  [1mbegin transaction[0m
  [1m[35mSQL (0.4ms)[0m  INSERT INTO "posts" ("title", "description", "created_at", "updated_at") VALUES (?, ?, ?, ?)  [["title", "Testing"], ["description", "testing"], ["created_at", "2016-01-26 15:06:03.106369"], ["updated_at", "2016-01-26 15:06:03.106369"]]
  [1m[36m (0.7ms)[0m  [1mcommit transaction[0m


Started GET "/" for ::1 at 2016-02-06 11:05:45 -0500
  [1m[36mActiveRecord::SchemaMigration Load (0.4ms)[0m  [1mSELECT "schema_migrations".* FROM "schema_migrations"[0m
Processing by Rails::WelcomeController#index as HTML
  Rendered /Users/scottcreynolds/.rvm/gems/ruby-2.1.2/gems/railties-4.2.5/lib/rails/templates/rails/welcome/index.html.erb (1.7ms)
Completed 200 OK in 19ms (Views: 10.8ms | ActiveRecord: 0.0ms)


Started GET "/authors" for ::1 at 2016-02-06 11:05:49 -0500
Processing by AuthorsController#index as HTML
  [1m[35mAuthor Load (0.4ms)[0m  SELECT "authors".* FROM "authors"
  Rendered authors/index.html.erb within layouts/application (2.1ms)
Completed 200 OK in 326ms (Views: 320.1ms | ActiveRecord: 0.6ms)


Started GET "/assets/authors.self-e3b0c44298fc1c149afbf4c8996fb92427ae41e4649b934ca495991b7852b855.css?body=1" for ::1 at 2016-02-06 11:05:50 -0500


Started GET "/assets/application.self-e80e8f2318043e8af94dddc2adad5a4f09739a8ebb323b3ab31cd71d45fd9113.css?body=1" for ::1 at 2016-02-06 11:05:50 -0500


Started GET "/assets/jquery.self-a714331225dda820228db323939889f149aec0127aeb06255646b616ba1ca419.js?body=1" for ::1 at 2016-02-06 11:05:50 -0500


Started GET "/assets/jquery_ujs.self-d456baa54c1fa6be2ec3711f0a72ddf7a5b2f34a6b4f515f33767d6207b7d4b3.js?body=1" for ::1 at 2016-02-06 11:05:50 -0500


Started GET "/assets/turbolinks.self-c37727e9bd6b2735da5c311aa83fead54ed0be6cc8bd9a65309e9c5abe2cbfff.js?body=1" for ::1 at 2016-02-06 11:05:50 -0500


Started GET "/assets/authors.self-877aef30ae1b040ab8a3aba4e3e309a11d7f2612f44dde450b5c157aa5f95c05.js?body=1" for ::1 at 2016-02-06 11:05:50 -0500


Started GET "/assets/application.self-3b8dabdc891efe46b9a144b400ad69e37d7e5876bdc39dee783419a69d7ca819.js?body=1" for ::1 at 2016-02-06 11:05:50 -0500
  [1m[36mActiveRecord::SchemaMigration Load (0.3ms)[0m  [1mSELECT "schema_migrations".* FROM "schema_migrations"[0m
  [1m[35mPost Load (0.5ms)[0m  SELECT "posts".* FROM "posts"
  [1m[36m (0.1ms)[0m  [1mbegin transaction[0m
  [1m[35mSQL (0.3ms)[0m  DELETE FROM "posts" WHERE "posts"."id" = ?  [["id", 1]]
  [1m[36m (0.7ms)[0m  [1mcommit transaction[0m
  [1m[35mAuthor Load (0.5ms)[0m  SELECT "authors".* FROM "authors"
  [1m[36m (0.1ms)[0m  [1mbegin transaction[0m
  [1m[35mSQL (0.7ms)[0m  INSERT INTO "authors" ("name", "genre", "bio", "created_at", "updated_at") VALUES (?, ?, ?, ?, ?)  [["name", "Stephen King"], ["genre", "Romance"], ["bio", "Writes a lot of scary things."], ["created_at", "2016-02-06 16:05:58.242754"], ["updated_at", "2016-02-06 16:05:58.242754"]]
  [1m[36m (0.8ms)[0m  [1mcommit transaction[0m
  [1m[35m (0.0ms)[0m  begin transaction
  [1m[36mSQL (0.2ms)[0m  [1mINSERT INTO "authors" ("name", "genre", "bio", "created_at", "updated_at") VALUES (?, ?, ?, ?, ?)[0m  [["name", "Ariana Huffington"], ["genre", "Comedy"], ["bio", "Up and comer. One to watch."], ["created_at", "2016-02-06 16:05:58.246122"], ["updated_at", "2016-02-06 16:05:58.246122"]]
  [1m[35m (0.7ms)[0m  commit transaction
  [1m[36m (0.0ms)[0m  [1mbegin transaction[0m
  [1m[35mSQL (0.2ms)[0m  INSERT INTO "authors" ("name", "genre", "bio", "created_at", "updated_at") VALUES (?, ?, ?, ?, ?)  [["name", "Horse Ebooks"], ["genre", "?????"], ["bio", "Eclectic."], ["created_at", "2016-02-06 16:05:58.248254"], ["updated_at", "2016-02-06 16:05:58.248254"]]
  [1m[36m (0.7ms)[0m  [1mcommit transaction[0m
  [1m[35m (0.1ms)[0m  begin transaction
  [1m[36mSQL (0.4ms)[0m  [1mINSERT INTO "posts" ("title", "description", "author_id", "created_at", "updated_at") VALUES (?, ?, ?, ?, ?)[0m  [["title", "Something About Democrats"], ["description", "  Last night I dreamt there is more to life than to bully friends.\n  What has that got to do with Democrats, you probably wonder...\n  The answer is here. Right here. Back in school my hair was silly.\n  Nevermind about the details, but... In a nut-shell: And still,\n  it was strange. Using Google, I found a 12-sided dice.\n  Which would be nothing special but...\n"], ["author_id", 1], ["created_at", "2016-02-06 16:05:58.256941"], ["updated_at", "2016-02-06 16:05:58.256941"]]
  [1m[35m (0.8ms)[0m  commit transaction
  [1m[36m (0.0ms)[0m  [1mbegin transaction[0m
  [1m[35mSQL (0.2ms)[0m  INSERT INTO "posts" ("title", "description", "author_id", "created_at", "updated_at") VALUES (?, ?, ?, ?, ?)  [["title", "Spam Spam Spam"], ["description", "  It occurred to me that no matter what cards you are dealt,\n  you need to enjoy the small joys. How is this related to Spam, you ask.\n  Fair enough. OK, I will tell you something here now...\n  Sometime around last year I loved movies. Yeah, just what it sounds like.\n  In a nut-shell: And still, it was strange. I collided with the powers of a my computer,\n  broken and gray. And here's why this matters...\n"], ["author_id", 2], ["created_at", "2016-02-06 16:05:58.259955"], ["updated_at", "2016-02-06 16:05:58.259955"]]
  [1m[36m (0.7ms)[0m  [1mcommit transaction[0m
  [1m[35m (0.0ms)[0m  begin transaction
  [1m[36mSQL (0.2ms)[0m  [1mINSERT INTO "posts" ("title", "description", "author_id", "created_at", "updated_at") VALUES (?, ?, ?, ?, ?)[0m  [["title", "Links! Click Links!"], ["description", "  Last night I dreamt we simply need to realize to be so competitive.\n  Does the responsibility lie with Links, you probably wonder...\n  The answer is here. Right here. About the time I broke up with my\n  ex I was totally into music. Whatever. So that's that.\n  But something wasn't right. I stumbled upon a giant banana.\n"], ["author_id", 3], ["created_at", "2016-02-06 16:05:58.262234"], ["updated_at", "2016-02-06 16:05:58.262234"]]
  [1m[35m (0.7ms)[0m  commit transaction
  [1m[36m (0.1ms)[0m  [1mbegin transaction[0m
  [1m[35mSQL (0.3ms)[0m  UPDATE "posts" SET "created_at" = ?, "updated_at" = ? WHERE "posts"."id" = ?  [["created_at", "2016-02-05 00:00:00.000000"], ["updated_at", "2016-02-06 16:05:58.265939"], ["id", 4]]
  [1m[36m (0.7ms)[0m  [1mcommit transaction[0m


Started GET "/authors" for ::1 at 2016-02-06 11:06:04 -0500
Processing by AuthorsController#index as HTML
  [1m[36mAuthor Load (0.2ms)[0m  [1mSELECT "authors".* FROM "authors"[0m
  Rendered authors/index.html.erb within layouts/application (4.2ms)
Completed 200 OK in 18ms (Views: 15.4ms | ActiveRecord: 0.3ms)


Started GET "/assets/application.self-e80e8f2318043e8af94dddc2adad5a4f09739a8ebb323b3ab31cd71d45fd9113.css?body=1" for ::1 at 2016-02-06 11:06:04 -0500


Started GET "/assets/jquery.self-a714331225dda820228db323939889f149aec0127aeb06255646b616ba1ca419.js?body=1" for ::1 at 2016-02-06 11:06:04 -0500


Started GET "/assets/jquery_ujs.self-d456baa54c1fa6be2ec3711f0a72ddf7a5b2f34a6b4f515f33767d6207b7d4b3.js?body=1" for ::1 at 2016-02-06 11:06:04 -0500


Started GET "/assets/turbolinks.self-c37727e9bd6b2735da5c311aa83fead54ed0be6cc8bd9a65309e9c5abe2cbfff.js?body=1" for ::1 at 2016-02-06 11:06:04 -0500


Started GET "/assets/authors.self-e3b0c44298fc1c149afbf4c8996fb92427ae41e4649b934ca495991b7852b855.css?body=1" for ::1 at 2016-02-06 11:06:04 -0500


Started GET "/assets/application.self-3b8dabdc891efe46b9a144b400ad69e37d7e5876bdc39dee783419a69d7ca819.js?body=1" for ::1 at 2016-02-06 11:06:04 -0500


Started GET "/assets/authors.self-877aef30ae1b040ab8a3aba4e3e309a11d7f2612f44dde450b5c157aa5f95c05.js?body=1" for ::1 at 2016-02-06 11:06:04 -0500


Started GET "/authors" for ::1 at 2016-02-06 11:06:51 -0500
Processing by AuthorsController#index as HTML
  [1m[35mAuthor Load (0.2ms)[0m  SELECT "authors".* FROM "authors"
  Rendered authors/index.html.erb within layouts/application (1.9ms)
Completed 200 OK in 15ms (Views: 12.8ms | ActiveRecord: 0.2ms)


Started GET "/assets/authors.self-e3b0c44298fc1c149afbf4c8996fb92427ae41e4649b934ca495991b7852b855.css?body=1" for ::1 at 2016-02-06 11:06:51 -0500


Started GET "/assets/application.self-e80e8f2318043e8af94dddc2adad5a4f09739a8ebb323b3ab31cd71d45fd9113.css?body=1" for ::1 at 2016-02-06 11:06:51 -0500


Started GET "/assets/jquery.self-a714331225dda820228db323939889f149aec0127aeb06255646b616ba1ca419.js?body=1" for ::1 at 2016-02-06 11:06:51 -0500


Started GET "/assets/jquery_ujs.self-d456baa54c1fa6be2ec3711f0a72ddf7a5b2f34a6b4f515f33767d6207b7d4b3.js?body=1" for ::1 at 2016-02-06 11:06:51 -0500


Started GET "/assets/turbolinks.self-c37727e9bd6b2735da5c311aa83fead54ed0be6cc8bd9a65309e9c5abe2cbfff.js?body=1" for ::1 at 2016-02-06 11:06:51 -0500


Started GET "/assets/application.self-3b8dabdc891efe46b9a144b400ad69e37d7e5876bdc39dee783419a69d7ca819.js?body=1" for ::1 at 2016-02-06 11:06:51 -0500


Started GET "/assets/authors.self-877aef30ae1b040ab8a3aba4e3e309a11d7f2612f44dde450b5c157aa5f95c05.js?body=1" for ::1 at 2016-02-06 11:06:51 -0500


Started GET "/authors/new" for ::1 at 2016-02-06 11:06:53 -0500
Processing by AuthorsController#new as HTML
  Rendered authors/_form.html.erb (19.0ms)
  Rendered authors/new.html.erb within layouts/application (23.0ms)
Completed 200 OK in 35ms (Views: 34.8ms | ActiveRecord: 0.0ms)


Started POST "/authors" for ::1 at 2016-02-06 11:06:58 -0500

AbstractController::ActionNotFound (The action 'create' could not be found for AuthorsController):
  actionpack (4.2.5) lib/abstract_controller/base.rb:132:in `process'
  actionview (4.2.5) lib/action_view/rendering.rb:30:in `process'
  actionpack (4.2.5) lib/action_controller/metal.rb:196:in `dispatch'
  actionpack (4.2.5) lib/action_controller/metal/rack_delegation.rb:13:in `dispatch'
  actionpack (4.2.5) lib/action_controller/metal.rb:237:in `block in action'
  actionpack (4.2.5) lib/action_dispatch/routing/route_set.rb:76:in `call'
  actionpack (4.2.5) lib/action_dispatch/routing/route_set.rb:76:in `dispatch'
  actionpack (4.2.5) lib/action_dispatch/routing/route_set.rb:45:in `serve'
  actionpack (4.2.5) lib/action_dispatch/journey/router.rb:43:in `block in serve'
  actionpack (4.2.5) lib/action_dispatch/journey/router.rb:30:in `each'
  actionpack (4.2.5) lib/action_dispatch/journey/router.rb:30:in `serve'
  actionpack (4.2.5) lib/action_dispatch/routing/route_set.rb:817:in `call'
  rack (1.6.4) lib/rack/etag.rb:24:in `call'
  rack (1.6.4) lib/rack/conditionalget.rb:38:in `call'
  rack (1.6.4) lib/rack/head.rb:13:in `call'
  actionpack (4.2.5) lib/action_dispatch/middleware/params_parser.rb:27:in `call'
  actionpack (4.2.5) lib/action_dispatch/middleware/flash.rb:260:in `call'
  rack (1.6.4) lib/rack/session/abstract/id.rb:225:in `context'
  rack (1.6.4) lib/rack/session/abstract/id.rb:220:in `call'
  actionpack (4.2.5) lib/action_dispatch/middleware/cookies.rb:560:in `call'
  activerecord (4.2.5) lib/active_record/query_cache.rb:36:in `call'
  activerecord (4.2.5) lib/active_record/connection_adapters/abstract/connection_pool.rb:653:in `call'
  activerecord (4.2.5) lib/active_record/migration.rb:377:in `call'
  actionpack (4.2.5) lib/action_dispatch/middleware/callbacks.rb:29:in `block in call'
  activesupport (4.2.5) lib/active_support/callbacks.rb:88:in `__run_callbacks__'
  activesupport (4.2.5) lib/active_support/callbacks.rb:778:in `_run_call_callbacks'
  activesupport (4.2.5) lib/active_support/callbacks.rb:81:in `run_callbacks'
  actionpack (4.2.5) lib/action_dispatch/middleware/callbacks.rb:27:in `call'
  actionpack (4.2.5) lib/action_dispatch/middleware/reloader.rb:73:in `call'
  actionpack (4.2.5) lib/action_dispatch/middleware/remote_ip.rb:78:in `call'
  actionpack (4.2.5) lib/action_dispatch/middleware/debug_exceptions.rb:17:in `call'
  web-console (2.2.1) lib/web_console/middleware.rb:39:in `call'
  actionpack (4.2.5) lib/action_dispatch/middleware/show_exceptions.rb:30:in `call'
  railties (4.2.5) lib/rails/rack/logger.rb:38:in `call_app'
  railties (4.2.5) lib/rails/rack/logger.rb:20:in `block in call'
  activesupport (4.2.5) lib/active_support/tagged_logging.rb:68:in `block in tagged'
  activesupport (4.2.5) lib/active_support/tagged_logging.rb:26:in `tagged'
  activesupport (4.2.5) lib/active_support/tagged_logging.rb:68:in `tagged'
  railties (4.2.5) lib/rails/rack/logger.rb:20:in `call'
  actionpack (4.2.5) lib/action_dispatch/middleware/request_id.rb:21:in `call'
  rack (1.6.4) lib/rack/methodoverride.rb:22:in `call'
  rack (1.6.4) lib/rack/runtime.rb:18:in `call'
  activesupport (4.2.5) lib/active_support/cache/strategy/local_cache_middleware.rb:28:in `call'
  rack (1.6.4) lib/rack/lock.rb:17:in `call'
  actionpack (4.2.5) lib/action_dispatch/middleware/static.rb:116:in `call'
  rack (1.6.4) lib/rack/sendfile.rb:113:in `call'
  railties (4.2.5) lib/rails/engine.rb:518:in `call'
  railties (4.2.5) lib/rails/application.rb:165:in `call'
  rack (1.6.4) lib/rack/lock.rb:17:in `call'
  rack (1.6.4) lib/rack/content_length.rb:15:in `call'
  rack (1.6.4) lib/rack/handler/webrick.rb:88:in `service'
  /Users/scottcreynolds/.rvm/rubies/ruby-2.1.2/lib/ruby/2.1.0/webrick/httpserver.rb:138:in `service'
  /Users/scottcreynolds/.rvm/rubies/ruby-2.1.2/lib/ruby/2.1.0/webrick/httpserver.rb:94:in `run'
  /Users/scottcreynolds/.rvm/rubies/ruby-2.1.2/lib/ruby/2.1.0/webrick/server.rb:295:in `block in start_thread'


  Rendered /Users/scottcreynolds/.rvm/gems/ruby-2.1.2/gems/actionpack-4.2.5/lib/action_dispatch/middleware/templates/rescues/unknown_action.html.erb within rescues/layout (0.4ms)
  Rendered /Users/scottcreynolds/.rvm/gems/ruby-2.1.2/gems/web-console-2.2.1/lib/web_console/templates/_markup.html.erb (0.2ms)
  Rendered /Users/scottcreynolds/.rvm/gems/ruby-2.1.2/gems/web-console-2.2.1/lib/web_console/templates/_inner_console_markup.html.erb within layouts/inlined_string (0.4ms)
  Rendered /Users/scottcreynolds/.rvm/gems/ruby-2.1.2/gems/web-console-2.2.1/lib/web_console/templates/_prompt_box_markup.html.erb within layouts/inlined_string (0.3ms)
  Rendered /Users/scottcreynolds/.rvm/gems/ruby-2.1.2/gems/web-console-2.2.1/lib/web_console/templates/style.css.erb within layouts/inlined_string (0.4ms)
  Rendered /Users/scottcreynolds/.rvm/gems/ruby-2.1.2/gems/web-console-2.2.1/lib/web_console/templates/console.js.erb within layouts/javascript (18.9ms)
  Rendered /Users/scottcreynolds/.rvm/gems/ruby-2.1.2/gems/web-console-2.2.1/lib/web_console/templates/main.js.erb within layouts/javascript (0.3ms)
  Rendered /Users/scottcreynolds/.rvm/gems/ruby-2.1.2/gems/web-console-2.2.1/lib/web_console/templates/error_page.js.erb within layouts/javascript (0.5ms)
  Rendered /Users/scottcreynolds/.rvm/gems/ruby-2.1.2/gems/web-console-2.2.1/lib/web_console/templates/index.html.erb (38.7ms)


Started POST "/authors" for ::1 at 2016-02-06 11:07:10 -0500
Processing by AuthorsController#create as HTML
  Parameters: {"utf8"=>"✓", "authenticity_token"=>"nfJ19kYyvI1LZM6HO2pwq9jc3DxTzFbAD08EtpUZXIJp8bqQHQfuqOu9Kii9fdbpaJQTkQHM1d3YKX3014EYww==", "author"=>{"name"=>"Test", "bio"=>"man"}, "commit"=>"Create Author"}
  [1m[36m (0.1ms)[0m  [1mbegin transaction[0m
  [1m[35mSQL (0.3ms)[0m  INSERT INTO "authors" ("bio", "name", "created_at", "updated_at") VALUES (?, ?, ?, ?)  [["bio", "man"], ["name", "Test"], ["created_at", "2016-02-06 16:07:10.399317"], ["updated_at", "2016-02-06 16:07:10.399317"]]
  [1m[36m (0.8ms)[0m  [1mcommit transaction[0m
Redirected to http://localhost:3000/authors/4
Completed 302 Found in 11ms (ActiveRecord: 1.7ms)


Started GET "/authors/4" for ::1 at 2016-02-06 11:07:10 -0500
Processing by AuthorsController#show as HTML
  Parameters: {"id"=>"4"}
  [1m[35mAuthor Load (0.2ms)[0m  SELECT  "authors".* FROM "authors" WHERE "authors"."id" = ? LIMIT 1  [["id", 4]]
  [1m[36mPost Load (0.1ms)[0m  [1mSELECT "posts".* FROM "posts" WHERE "posts"."author_id" = ?[0m  [["author_id", 4]]
  Rendered authors/show.html.erb within layouts/application (16.5ms)
Completed 200 OK in 35ms (Views: 28.3ms | ActiveRecord: 0.4ms)


Started GET "/assets/authors.self-e3b0c44298fc1c149afbf4c8996fb92427ae41e4649b934ca495991b7852b855.css?body=1" for ::1 at 2016-02-06 11:07:10 -0500


Started GET "/assets/application.self-e80e8f2318043e8af94dddc2adad5a4f09739a8ebb323b3ab31cd71d45fd9113.css?body=1" for ::1 at 2016-02-06 11:07:10 -0500


Started GET "/assets/jquery.self-a714331225dda820228db323939889f149aec0127aeb06255646b616ba1ca419.js?body=1" for ::1 at 2016-02-06 11:07:10 -0500


Started GET "/assets/jquery_ujs.self-d456baa54c1fa6be2ec3711f0a72ddf7a5b2f34a6b4f515f33767d6207b7d4b3.js?body=1" for ::1 at 2016-02-06 11:07:10 -0500


Started GET "/assets/application.self-3b8dabdc891efe46b9a144b400ad69e37d7e5876bdc39dee783419a69d7ca819.js?body=1" for ::1 at 2016-02-06 11:07:10 -0500


Started GET "/assets/turbolinks.self-c37727e9bd6b2735da5c311aa83fead54ed0be6cc8bd9a65309e9c5abe2cbfff.js?body=1" for ::1 at 2016-02-06 11:07:10 -0500


Started GET "/assets/authors.self-877aef30ae1b040ab8a3aba4e3e309a11d7f2612f44dde450b5c157aa5f95c05.js?body=1" for ::1 at 2016-02-06 11:07:10 -0500


Started GET "/authors" for ::1 at 2016-02-06 11:07:16 -0500
Processing by AuthorsController#index as HTML
  [1m[35mAuthor Load (0.2ms)[0m  SELECT "authors".* FROM "authors"
  Rendered authors/index.html.erb within layouts/application (1.7ms)
Completed 200 OK in 18ms (Views: 17.3ms | ActiveRecord: 0.2ms)


Started GET "/" for ::1 at 2018-01-22 12:36:25 -0500
  [1m[36mActiveRecord::SchemaMigration Load (0.5ms)[0m  [1mSELECT "schema_migrations".* FROM "schema_migrations"[0m

ActiveRecord::PendingMigrationError (

Migrations are pending. To resolve this issue, run:

	bin/rake db:migrate RAILS_ENV=development

):
  activerecord (4.2.5) lib/active_record/migration.rb:392:in `check_pending!'
  activerecord (4.2.5) lib/active_record/migration.rb:373:in `call'
  actionpack (4.2.5) lib/action_dispatch/middleware/callbacks.rb:29:in `block in call'
  activesupport (4.2.5) lib/active_support/callbacks.rb:88:in `__run_callbacks__'
  activesupport (4.2.5) lib/active_support/callbacks.rb:778:in `_run_call_callbacks'
  activesupport (4.2.5) lib/active_support/callbacks.rb:81:in `run_callbacks'
  actionpack (4.2.5) lib/action_dispatch/middleware/callbacks.rb:27:in `call'
  actionpack (4.2.5) lib/action_dispatch/middleware/reloader.rb:73:in `call'
  actionpack (4.2.5) lib/action_dispatch/middleware/remote_ip.rb:78:in `call'
  actionpack (4.2.5) lib/action_dispatch/middleware/debug_exceptions.rb:17:in `call'
  web-console (2.2.1) lib/web_console/middleware.rb:39:in `call'
  actionpack (4.2.5) lib/action_dispatch/middleware/show_exceptions.rb:30:in `call'
  railties (4.2.5) lib/rails/rack/logger.rb:38:in `call_app'
  railties (4.2.5) lib/rails/rack/logger.rb:20:in `block in call'
  activesupport (4.2.5) lib/active_support/tagged_logging.rb:68:in `block in tagged'
  activesupport (4.2.5) lib/active_support/tagged_logging.rb:26:in `tagged'
  activesupport (4.2.5) lib/active_support/tagged_logging.rb:68:in `tagged'
  railties (4.2.5) lib/rails/rack/logger.rb:20:in `call'
  actionpack (4.2.5) lib/action_dispatch/middleware/request_id.rb:21:in `call'
  rack (1.6.4) lib/rack/methodoverride.rb:22:in `call'
  rack (1.6.4) lib/rack/runtime.rb:18:in `call'
  activesupport (4.2.5) lib/active_support/cache/strategy/local_cache_middleware.rb:28:in `call'
  rack (1.6.4) lib/rack/lock.rb:17:in `call'
  actionpack (4.2.5) lib/action_dispatch/middleware/static.rb:116:in `call'
  rack (1.6.4) lib/rack/sendfile.rb:113:in `call'
  railties (4.2.5) lib/rails/engine.rb:518:in `call'
  railties (4.2.5) lib/rails/application.rb:165:in `call'
  rack (1.6.4) lib/rack/lock.rb:17:in `call'
  rack (1.6.4) lib/rack/content_length.rb:15:in `call'
  rack (1.6.4) lib/rack/handler/webrick.rb:88:in `service'
  /Users/emily/.rvm/rubies/ruby-2.3.3/lib/ruby/2.3.0/webrick/httpserver.rb:140:in `service'
  /Users/emily/.rvm/rubies/ruby-2.3.3/lib/ruby/2.3.0/webrick/httpserver.rb:96:in `run'
  /Users/emily/.rvm/rubies/ruby-2.3.3/lib/ruby/2.3.0/webrick/server.rb:296:in `block in start_thread'


  Rendered /Users/emily/.rvm/gems/ruby-2.3.3/gems/actionpack-4.2.5/lib/action_dispatch/middleware/templates/rescues/_source.erb (2.6ms)
  Rendered /Users/emily/.rvm/gems/ruby-2.3.3/gems/actionpack-4.2.5/lib/action_dispatch/middleware/templates/rescues/_trace.html.erb (1.6ms)
  Rendered /Users/emily/.rvm/gems/ruby-2.3.3/gems/actionpack-4.2.5/lib/action_dispatch/middleware/templates/rescues/_request_and_response.html.erb (1.2ms)
  Rendered /Users/emily/.rvm/gems/ruby-2.3.3/gems/actionpack-4.2.5/lib/action_dispatch/middleware/templates/rescues/diagnostics.html.erb within rescues/layout (60.1ms)
  Rendered /Users/emily/.rvm/gems/ruby-2.3.3/gems/web-console-2.2.1/lib/web_console/templates/_markup.html.erb (0.4ms)
  Rendered /Users/emily/.rvm/gems/ruby-2.3.3/gems/web-console-2.2.1/lib/web_console/templates/_inner_console_markup.html.erb within layouts/inlined_string (0.4ms)
  Rendered /Users/emily/.rvm/gems/ruby-2.3.3/gems/web-console-2.2.1/lib/web_console/templates/_prompt_box_markup.html.erb within layouts/inlined_string (0.4ms)
  Rendered /Users/emily/.rvm/gems/ruby-2.3.3/gems/web-console-2.2.1/lib/web_console/templates/style.css.erb within layouts/inlined_string (0.3ms)
  Rendered /Users/emily/.rvm/gems/ruby-2.3.3/gems/web-console-2.2.1/lib/web_console/templates/console.js.erb within layouts/javascript (53.7ms)
  Rendered /Users/emily/.rvm/gems/ruby-2.3.3/gems/web-console-2.2.1/lib/web_console/templates/main.js.erb within layouts/javascript (0.3ms)
  Rendered /Users/emily/.rvm/gems/ruby-2.3.3/gems/web-console-2.2.1/lib/web_console/templates/error_page.js.erb within layouts/javascript (0.4ms)
  Rendered /Users/emily/.rvm/gems/ruby-2.3.3/gems/web-console-2.2.1/lib/web_console/templates/index.html.erb (122.5ms)
  [1m[36mActiveRecord::SchemaMigration Load (0.4ms)[0m  [1mSELECT "schema_migrations".* FROM "schema_migrations"[0m
Migrating to AddAttachmentAvatarToAuthors (20180122173445)
  [1m[35m (0.1ms)[0m  begin transaction
  [1m[36m (0.4ms)[0m  [1mALTER TABLE "authors" ADD "avatar_file_name" varchar[0m
  [1m[35m (0.1ms)[0m  ALTER TABLE "authors" ADD "avatar_content_type" varchar
  [1m[36m (0.1ms)[0m  [1mALTER TABLE "authors" ADD "avatar_file_size" integer[0m
  [1m[35m (0.1ms)[0m  ALTER TABLE "authors" ADD "avatar_updated_at" datetime
  [1m[36mSQL (0.6ms)[0m  [1mINSERT INTO "schema_migrations" ("version") VALUES (?)[0m  [["version", "20180122173445"]]
  [1m[35m (0.7ms)[0m  commit transaction
  [1m[36mActiveRecord::SchemaMigration Load (0.1ms)[0m  [1mSELECT "schema_migrations".* FROM "schema_migrations"[0m
  [1m[36mActiveRecord::SchemaMigration Load (0.7ms)[0m  [1mSELECT "schema_migrations".* FROM "schema_migrations"[0m
  [1m[35mActiveRecord::SchemaMigration Load (0.1ms)[0m  SELECT "schema_migrations".* FROM "schema_migrations"
  [1m[36mActiveRecord::SchemaMigration Load (0.1ms)[0m  [1mSELECT "schema_migrations".* FROM "schema_migrations"[0m
  [1m[35mPost Load (0.9ms)[0m  SELECT "posts".* FROM "posts"
  [1m[36m (0.1ms)[0m  [1mbegin transaction[0m
  [1m[35mSQL (0.4ms)[0m  DELETE FROM "posts" WHERE "posts"."id" = ?  [["id", 2]]
  [1m[36m (0.6ms)[0m  [1mcommit transaction[0m
  [1m[35m (0.1ms)[0m  begin transaction
  [1m[36mSQL (0.2ms)[0m  [1mDELETE FROM "posts" WHERE "posts"."id" = ?[0m  [["id", 3]]
  [1m[35m (0.5ms)[0m  commit transaction
  [1m[36m (0.1ms)[0m  [1mbegin transaction[0m
  [1m[35mSQL (0.1ms)[0m  DELETE FROM "posts" WHERE "posts"."id" = ?  [["id", 4]]
  [1m[36m (0.5ms)[0m  [1mcommit transaction[0m
  [1m[35mAuthor Load (0.6ms)[0m  SELECT "authors".* FROM "authors"
  [1m[36m (0.1ms)[0m  [1mbegin transaction[0m
  [1m[35mSQL (0.2ms)[0m  DELETE FROM "authors" WHERE "authors"."id" = ?  [["id", 1]]
  [1m[36m (0.7ms)[0m  [1mcommit transaction[0m
  [1m[35m (0.0ms)[0m  begin transaction
  [1m[36mSQL (0.2ms)[0m  [1mDELETE FROM "authors" WHERE "authors"."id" = ?[0m  [["id", 2]]
  [1m[35m (0.5ms)[0m  commit transaction
  [1m[36m (0.0ms)[0m  [1mbegin transaction[0m
  [1m[35mSQL (0.2ms)[0m  DELETE FROM "authors" WHERE "authors"."id" = ?  [["id", 3]]
  [1m[36m (0.5ms)[0m  [1mcommit transaction[0m
  [1m[35m (0.1ms)[0m  begin transaction
  [1m[36mSQL (0.1ms)[0m  [1mDELETE FROM "authors" WHERE "authors"."id" = ?[0m  [["id", 4]]
  [1m[35m (0.4ms)[0m  commit transaction
  [1m[36m (0.1ms)[0m  [1mbegin transaction[0m
  [1m[35mSQL (0.6ms)[0m  INSERT INTO "authors" ("name", "genre", "bio", "created_at", "updated_at") VALUES (?, ?, ?, ?, ?)  [["name", "Stephen King"], ["genre", "Romance"], ["bio", "Writes a lot of scary things."], ["created_at", "2018-01-22 17:37:25.938701"], ["updated_at", "2018-01-22 17:37:25.938701"]]
  [1m[36m (0.6ms)[0m  [1mcommit transaction[0m
  [1m[35m (0.1ms)[0m  begin transaction
  [1m[36mSQL (0.3ms)[0m  [1mINSERT INTO "authors" ("name", "genre", "bio", "created_at", "updated_at") VALUES (?, ?, ?, ?, ?)[0m  [["name", "Ariana Huffington"], ["genre", "Comedy"], ["bio", "Up and comer. One to watch."], ["created_at", "2018-01-22 17:37:25.941849"], ["updated_at", "2018-01-22 17:37:25.941849"]]
  [1m[35m (0.7ms)[0m  commit transaction
  [1m[36m (0.1ms)[0m  [1mbegin transaction[0m
  [1m[35mSQL (0.3ms)[0m  INSERT INTO "authors" ("name", "genre", "bio", "created_at", "updated_at") VALUES (?, ?, ?, ?, ?)  [["name", "Horse Ebooks"], ["genre", "?????"], ["bio", "Eclectic."], ["created_at", "2018-01-22 17:37:25.944755"], ["updated_at", "2018-01-22 17:37:25.944755"]]
  [1m[36m (0.7ms)[0m  [1mcommit transaction[0m
  [1m[35m (0.1ms)[0m  begin transaction
  [1m[36mSQL (0.4ms)[0m  [1mINSERT INTO "posts" ("title", "description", "author_id", "created_at", "updated_at") VALUES (?, ?, ?, ?, ?)[0m  [["title", "Something About Democrats"], ["description", "  Last night I dreamt there is more to life than to bully friends.\n  What has that got to do with Democrats, you probably wonder...\n  The answer is here. Right here. Back in school my hair was silly.\n  Nevermind about the details, but... In a nut-shell: And still,\n  it was strange. Using Google, I found a 12-sided dice.\n  Which would be nothing special but...\n"], ["author_id", 5], ["created_at", "2018-01-22 17:37:25.954512"], ["updated_at", "2018-01-22 17:37:25.954512"]]
  [1m[35m (0.8ms)[0m  commit transaction
  [1m[36m (0.1ms)[0m  [1mbegin transaction[0m
  [1m[35mSQL (0.4ms)[0m  INSERT INTO "posts" ("title", "description", "author_id", "created_at", "updated_at") VALUES (?, ?, ?, ?, ?)  [["title", "Spam Spam Spam"], ["description", "  It occurred to me that no matter what cards you are dealt,\n  you need to enjoy the small joys. How is this related to Spam, you ask.\n  Fair enough. OK, I will tell you something here now...\n  Sometime around last year I loved movies. Yeah, just what it sounds like.\n  In a nut-shell: And still, it was strange. I collided with the powers of a my computer,\n  broken and gray. And here's why this matters...\n"], ["author_id", 6], ["created_at", "2018-01-22 17:37:25.957925"], ["updated_at", "2018-01-22 17:37:25.957925"]]
  [1m[36m (0.8ms)[0m  [1mcommit transaction[0m
  [1m[35m (0.1ms)[0m  begin transaction
  [1m[36mSQL (0.5ms)[0m  [1mINSERT INTO "posts" ("title", "description", "author_id", "created_at", "updated_at") VALUES (?, ?, ?, ?, ?)[0m  [["title", "Links! Click Links!"], ["description", "  Last night I dreamt we simply need to realize to be so competitive.\n  Does the responsibility lie with Links, you probably wonder...\n  The answer is here. Right here. About the time I broke up with my\n  ex I was totally into music. Whatever. So that's that.\n  But something wasn't right. I stumbled upon a giant banana.\n"], ["author_id", 7], ["created_at", "2018-01-22 17:37:25.961045"], ["updated_at", "2018-01-22 17:37:25.961045"]]
  [1m[35m (0.7ms)[0m  commit transaction
  [1m[36m (0.1ms)[0m  [1mbegin transaction[0m
  [1m[35mSQL (0.5ms)[0m  UPDATE "posts" SET "created_at" = ?, "updated_at" = ? WHERE "posts"."id" = ?  [["created_at", "2018-01-21 00:00:00.000000"], ["updated_at", "2018-01-22 17:37:25.966271"], ["id", 7]]
  [1m[36m (0.8ms)[0m  [1mcommit transaction[0m


Started GET "/" for ::1 at 2018-01-22 12:37:45 -0500
  [1m[36mActiveRecord::SchemaMigration Load (0.5ms)[0m  [1mSELECT "schema_migrations".* FROM "schema_migrations"[0m
Processing by Rails::WelcomeController#index as HTML
  Rendered /Users/emily/.rvm/gems/ruby-2.3.3/gems/railties-4.2.5/lib/rails/templates/rails/welcome/index.html.erb (2.2ms)
Completed 200 OK in 23ms (Views: 13.1ms | ActiveRecord: 0.0ms)


Started GET "/authors/new" for ::1 at 2018-01-22 12:37:51 -0500
Processing by AuthorsController#new as HTML
  Rendered authors/_form.html.erb (28.8ms)
  Rendered authors/new.html.erb within layouts/application (34.7ms)
Completed 200 OK in 540ms (Views: 527.3ms | ActiveRecord: 0.4ms)


Started GET "/assets/authors.self-e3b0c44298fc1c149afbf4c8996fb92427ae41e4649b934ca495991b7852b855.css?body=1" for ::1 at 2018-01-22 12:37:51 -0500


Started GET "/assets/jquery_ujs.self-d456baa54c1fa6be2ec3711f0a72ddf7a5b2f34a6b4f515f33767d6207b7d4b3.js?body=1" for ::1 at 2018-01-22 12:37:51 -0500


Started GET "/assets/jquery.self-a714331225dda820228db323939889f149aec0127aeb06255646b616ba1ca419.js?body=1" for ::1 at 2018-01-22 12:37:51 -0500


Started GET "/assets/application.self-3b8dabdc891efe46b9a144b400ad69e37d7e5876bdc39dee783419a69d7ca819.js?body=1" for ::1 at 2018-01-22 12:37:51 -0500


Started GET "/assets/authors.self-877aef30ae1b040ab8a3aba4e3e309a11d7f2612f44dde450b5c157aa5f95c05.js?body=1" for ::1 at 2018-01-22 12:37:51 -0500


Started GET "/authors" for ::1 at 2018-01-22 12:40:43 -0500
Processing by AuthorsController#index as HTML
  [1m[35mAuthor Load (0.6ms)[0m  SELECT "authors".* FROM "authors"
  Rendered authors/index.html.erb within layouts/application (4.1ms)
Completed 200 OK in 33ms (Views: 30.0ms | ActiveRecord: 0.6ms)


Started GET "/avatars/original/missing.png" for ::1 at 2018-01-22 12:40:43 -0500

ActionController::RoutingError (No route matches [GET] "/avatars/original/missing.png"):
  actionpack (4.2.5) lib/action_dispatch/middleware/debug_exceptions.rb:21:in `call'
  web-console (2.2.1) lib/web_console/middleware.rb:39:in `call'
  actionpack (4.2.5) lib/action_dispatch/middleware/show_exceptions.rb:30:in `call'
  railties (4.2.5) lib/rails/rack/logger.rb:38:in `call_app'
  railties (4.2.5) lib/rails/rack/logger.rb:20:in `block in call'
  activesupport (4.2.5) lib/active_support/tagged_logging.rb:68:in `block in tagged'
  activesupport (4.2.5) lib/active_support/tagged_logging.rb:26:in `tagged'
  activesupport (4.2.5) lib/active_support/tagged_logging.rb:68:in `tagged'
  railties (4.2.5) lib/rails/rack/logger.rb:20:in `call'
  actionpack (4.2.5) lib/action_dispatch/middleware/request_id.rb:21:in `call'
  rack (1.6.4) lib/rack/methodoverride.rb:22:in `call'
  rack (1.6.4) lib/rack/runtime.rb:18:in `call'
  activesupport (4.2.5) lib/active_support/cache/strategy/local_cache_middleware.rb:28:in `call'
  rack (1.6.4) lib/rack/lock.rb:17:in `call'
  actionpack (4.2.5) lib/action_dispatch/middleware/static.rb:116:in `call'
  rack (1.6.4) lib/rack/sendfile.rb:113:in `call'
  railties (4.2.5) lib/rails/engine.rb:518:in `call'
  railties (4.2.5) lib/rails/application.rb:165:in `call'
  rack (1.6.4) lib/rack/lock.rb:17:in `call'
  rack (1.6.4) lib/rack/content_length.rb:15:in `call'
  rack (1.6.4) lib/rack/handler/webrick.rb:88:in `service'
  /Users/emily/.rvm/rubies/ruby-2.3.3/lib/ruby/2.3.0/webrick/httpserver.rb:140:in `service'
  /Users/emily/.rvm/rubies/ruby-2.3.3/lib/ruby/2.3.0/webrick/httpserver.rb:96:in `run'
  /Users/emily/.rvm/rubies/ruby-2.3.3/lib/ruby/2.3.0/webrick/server.rb:296:in `block in start_thread'


  Rendered /Users/emily/.rvm/gems/ruby-2.3.3/gems/actionpack-4.2.5/lib/action_dispatch/middleware/templates/rescues/_trace.html.erb (1.4ms)
  Rendered /Users/emily/.rvm/gems/ruby-2.3.3/gems/actionpack-4.2.5/lib/action_dispatch/middleware/templates/routes/_route.html.erb (1.8ms)
  Rendered /Users/emily/.rvm/gems/ruby-2.3.3/gems/actionpack-4.2.5/lib/action_dispatch/middleware/templates/routes/_table.html.erb (6.0ms)
  Rendered /Users/emily/.rvm/gems/ruby-2.3.3/gems/actionpack-4.2.5/lib/action_dispatch/middleware/templates/rescues/_request_and_response.html.erb (1.7ms)
  Rendered /Users/emily/.rvm/gems/ruby-2.3.3/gems/actionpack-4.2.5/lib/action_dispatch/middleware/templates/rescues/routing_error.html.erb within rescues/layout (88.2ms)
  Rendered /Users/emily/.rvm/gems/ruby-2.3.3/gems/web-console-2.2.1/lib/web_console/templates/_markup.html.erb (0.4ms)
  Rendered /Users/emily/.rvm/gems/ruby-2.3.3/gems/web-console-2.2.1/lib/web_console/templates/_inner_console_markup.html.erb within layouts/inlined_string (0.3ms)
  Rendered /Users/emily/.rvm/gems/ruby-2.3.3/gems/web-console-2.2.1/lib/web_console/templates/_prompt_box_markup.html.erb within layouts/inlined_string (0.4ms)
  Rendered /Users/emily/.rvm/gems/ruby-2.3.3/gems/web-console-2.2.1/lib/web_console/templates/style.css.erb within layouts/inlined_string (0.4ms)
  Rendered /Users/emily/.rvm/gems/ruby-2.3.3/gems/web-console-2.2.1/lib/web_console/templates/console.js.erb within layouts/javascript (54.9ms)
  Rendered /Users/emily/.rvm/gems/ruby-2.3.3/gems/web-console-2.2.1/lib/web_console/templates/main.js.erb within layouts/javascript (0.4ms)
  Rendered /Users/emily/.rvm/gems/ruby-2.3.3/gems/web-console-2.2.1/lib/web_console/templates/error_page.js.erb within layouts/javascript (0.4ms)
  Rendered /Users/emily/.rvm/gems/ruby-2.3.3/gems/web-console-2.2.1/lib/web_console/templates/index.html.erb (125.4ms)


Started GET "/authors" for ::1 at 2018-01-22 12:43:55 -0500
Processing by AuthorsController#index as HTML
  [1m[36mAuthor Load (1.1ms)[0m  [1mSELECT "authors".* FROM "authors"[0m
  Rendered authors/index.html.erb within layouts/application (14.5ms)
Completed 200 OK in 45ms (Views: 40.2ms | ActiveRecord: 1.6ms)


Started GET "/assets/original/default-4d452c63d330fa4ca5200c3fa437bfd595741d59846222f62704f02365fdbc6c.png" for ::1 at 2018-01-22 12:43:55 -0500


Started GET "/authors" for ::1 at 2018-01-22 12:47:40 -0500
Processing by AuthorsController#index as HTML
  [1m[35mAuthor Load (0.7ms)[0m  SELECT "authors".* FROM "authors"
  Rendered authors/index.html.erb within layouts/application (12.7ms)
Completed 200 OK in 39ms (Views: 33.7ms | ActiveRecord: 1.1ms)


Started GET "/authors/new" for ::1 at 2018-01-22 12:48:27 -0500
Processing by AuthorsController#new as HTML
  Rendered authors/_form.html.erb (3.4ms)
  Rendered authors/new.html.erb within layouts/application (6.5ms)
Completed 200 OK in 26ms (Views: 25.0ms | ActiveRecord: 0.0ms)


Started POST "/authors" for ::1 at 2018-01-22 12:48:59 -0500
Processing by AuthorsController#create as HTML
  Parameters: {"utf8"=>"✓", "authenticity_token"=>"Y2zyfkdr5t7StRRu32BwwjroUjPSGlvvuSHeRJQa2WO3mcnww0SbqD9rc40OpCnmx0BgvmRBHDE7O53eP8q81Q==", "author"=>{"avatar"=>#<ActionDispatch::Http::UploadedFile:0x007fdcc5574370 @tempfile=#<Tempfile:/var/folders/tx/p_n7_wq916xdcl_2gvmsy4gm0000gr/T/RackMultipart20180122-19771-xrcr04.jpg>, @original_filename="chocolate-box.jpg", @content_type="image/jpeg", @headers="Content-Disposition: form-data; name=\"author[avatar]\"; filename=\"chocolate-box.jpg\"\r\nContent-Type: image/jpeg\r\n">, "name"=>"Emily", "bio"=>"Life is like a box of chocolates. "}, "commit"=>"Create Author"}
Command :: file -b --mime '/var/folders/tx/p_n7_wq916xdcl_2gvmsy4gm0000gr/T/18447309b3e2cf0c0a5956663ffb6f2120180122-19771-10rvigf.jpg'
Command :: identify -format '%wx%h,%[exif:orientation]' '/var/folders/tx/p_n7_wq916xdcl_2gvmsy4gm0000gr/T/18447309b3e2cf0c0a5956663ffb6f2120180122-19771-12gpxof.jpg[0]' 2>/dev/null
Command :: identify -format %m '/var/folders/tx/p_n7_wq916xdcl_2gvmsy4gm0000gr/T/18447309b3e2cf0c0a5956663ffb6f2120180122-19771-12gpxof.jpg[0]'
Command :: convert '/var/folders/tx/p_n7_wq916xdcl_2gvmsy4gm0000gr/T/18447309b3e2cf0c0a5956663ffb6f2120180122-19771-12gpxof.jpg[0]' -auto-orient -resize "100x100>" '/var/folders/tx/p_n7_wq916xdcl_2gvmsy4gm0000gr/T/ded3e73613b92aa5a574368ff64f70cd20180122-19771-1ev3uvl'
  [1m[36m (0.2ms)[0m  [1mbegin transaction[0m
Command :: file -b --mime '/var/folders/tx/p_n7_wq916xdcl_2gvmsy4gm0000gr/T/18447309b3e2cf0c0a5956663ffb6f2120180122-19771-1c2u5ce.jpg'
  [1m[35mSQL (1.3ms)[0m  INSERT INTO "authors" ("bio", "name", "avatar_file_name", "avatar_content_type", "avatar_file_size", "avatar_updated_at", "created_at", "updated_at") VALUES (?, ?, ?, ?, ?, ?, ?, ?)  [["bio", "Life is like a box of chocolates. "], ["name", "Emily"], ["avatar_file_name", "chocolate-box.jpg"], ["avatar_content_type", "image/jpeg"], ["avatar_file_size", 1222828], ["avatar_updated_at", "2018-01-22 17:48:59.954010"], ["created_at", "2018-01-22 17:49:00.390134"], ["updated_at", "2018-01-22 17:49:00.390134"]]
  [1m[36m (2.7ms)[0m  [1mcommit transaction[0m
Redirected to http://localhost:3000/authors/8
Completed 302 Found in 488ms (ActiveRecord: 4.2ms)


Started GET "/authors/8" for ::1 at 2018-01-22 12:49:00 -0500
Processing by AuthorsController#show as HTML
  Parameters: {"id"=>"8"}
  [1m[35mAuthor Load (0.2ms)[0m  SELECT  "authors".* FROM "authors" WHERE "authors"."id" = ? LIMIT 1  [["id", 8]]
  [1m[36mPost Load (0.4ms)[0m  [1mSELECT "posts".* FROM "posts" WHERE "posts"."author_id" = ?[0m  [["author_id", 8]]
  Rendered authors/show.html.erb within layouts/application (32.7ms)
Completed 200 OK in 79ms (Views: 68.0ms | ActiveRecord: 0.9ms)


Started GET "/authors" for ::1 at 2018-01-22 12:49:12 -0500
Processing by AuthorsController#index as HTML
  [1m[35mAuthor Load (0.3ms)[0m  SELECT "authors".* FROM "authors"
  Rendered authors/index.html.erb within layouts/application (4.2ms)
Completed 200 OK in 23ms (Views: 22.4ms | ActiveRecord: 0.3ms)
  [1m[36mAuthor Load (0.6ms)[0m  [1mSELECT  "authors".* FROM "authors" WHERE (avatar_file_name IS NOT NULL)  ORDER BY "authors"."id" ASC LIMIT 1000[0m
Command :: file -b --mime '/var/folders/tx/p_n7_wq916xdcl_2gvmsy4gm0000gr/T/18447309b3e2cf0c0a5956663ffb6f2120180122-19826-1a733kp.jpg'
Command :: identify -format '%wx%h,%[exif:orientation]' '/var/folders/tx/p_n7_wq916xdcl_2gvmsy4gm0000gr/T/18447309b3e2cf0c0a5956663ffb6f2120180122-19826-1i1t7mu.jpg[0]' 2>/dev/null
Command :: identify -format %m '/var/folders/tx/p_n7_wq916xdcl_2gvmsy4gm0000gr/T/18447309b3e2cf0c0a5956663ffb6f2120180122-19826-1i1t7mu.jpg[0]'
Command :: convert '/var/folders/tx/p_n7_wq916xdcl_2gvmsy4gm0000gr/T/18447309b3e2cf0c0a5956663ffb6f2120180122-19826-1i1t7mu.jpg[0]' -auto-orient -resize "100x100>" '/var/folders/tx/p_n7_wq916xdcl_2gvmsy4gm0000gr/T/58376c3a87f5167b8bbddf46d4082dbf20180122-19826-1beike3'
[paperclip] deleting /Users/emily/Development/code/rails-paperclip-readme-v-000/public/system/authors/avatars/000/000/008/thumb/chocolate-box.jpg
  [1m[35m (0.2ms)[0m  begin transaction
  [1m[36mSQL (0.6ms)[0m  [1mUPDATE "authors" SET "avatar_updated_at" = ?, "avatar_file_name" = ?, "updated_at" = ? WHERE "authors"."id" = ?[0m  [["avatar_updated_at", "2018-01-22 17:50:04.910790"], ["avatar_file_name", "chocolate-box.jpg"], ["updated_at", "2018-01-22 17:50:05.314591"], ["id", 8]]
  [1m[35m (0.8ms)[0m  commit transaction


Started GET "/authors" for ::1 at 2018-01-22 12:50:10 -0500
Processing by AuthorsController#index as HTML
  [1m[36mAuthor Load (0.4ms)[0m  [1mSELECT "authors".* FROM "authors"[0m
  Rendered authors/index.html.erb within layouts/application (7.5ms)
Completed 200 OK in 37ms (Views: 34.9ms | ActiveRecord: 0.4ms)


Started GET "/authors" for ::1 at 2018-01-22 12:50:30 -0500
Processing by AuthorsController#index as HTML
  [1m[35mAuthor Load (0.2ms)[0m  SELECT "authors".* FROM "authors"
  Rendered authors/index.html.erb within layouts/application (6.2ms)
Completed 200 OK in 32ms (Views: 31.3ms | ActiveRecord: 0.2ms)


Started GET "/assets/thumb/default-4d452c63d330fa4ca5200c3fa437bfd595741d59846222f62704f02365fdbc6c.png" for ::1 at 2018-01-22 12:50:30 -0500
